0 info it worked if it ends with ok
1 verbose cli [ '/home/markmark/.nvm/versions/node/v7.7.3/bin/node',
1 verbose cli   '/home/markmark/.nvm/versions/node/v7.7.3/bin/npm',
1 verbose cli   'run',
1 verbose cli   'jasmine' ]
2 info using npm@4.1.2
3 info using node@v7.7.3
4 verbose run-script [ 'prejasmine', 'jasmine', 'postjasmine' ]
5 info lifecycle assignment_mad_lib_api@1.0.0~prejasmine: assignment_mad_lib_api@1.0.0
6 silly lifecycle assignment_mad_lib_api@1.0.0~prejasmine: no script for prejasmine, continuing
7 info lifecycle assignment_mad_lib_api@1.0.0~jasmine: assignment_mad_lib_api@1.0.0
8 verbose lifecycle assignment_mad_lib_api@1.0.0~jasmine: unsafe-perm in lifecycle true
9 verbose lifecycle assignment_mad_lib_api@1.0.0~jasmine: PATH: /home/markmark/.nvm/versions/node/v7.7.3/lib/node_modules/npm/bin/node-gyp-bin:/home/markmark/Documents/vcs_immersive/apis/assignment_mad_lib_api/node_modules/.bin:/home/markmark/Documents/vcs_immersive/apis/assignment_mad_lib_api/node_modules/.bin:/home/markmark/.config/yarn/link/node_modules/.bin:/home/markmark/Documents/vcs_immersive/apis/assignment_mad_lib_api/node_modules/.bin:/home/markmark/.config/yarn/link/node_modules/.bin:/usr/share/yarn/bin/node-gyp-bin:/home/markmark/.nvm/versions/node/v7.7.3/bin:/home/markmark/.rvm/gems/ruby-2.4.0/bin:/home/markmark/.rvm/gems/ruby-2.4.0@global/bin:/home/markmark/.rvm/rubies/ruby-2.4.0/bin:/home/markmark/bin:/home/markmark/.local/bin:/home/markmark/bin:/home/markmark/.local/bin:/usr/local/sbin:/usr/local/bin:/usr/sbin:/usr/bin:/sbin:/bin:/usr/games:/usr/local/games:/snap/bin:/home/markmark/.rvm/bin:/home/markmark/.rvm/bin:/snap/bin:/home/markmark/.rvm/bin:/home/markmark/.rvm/bin
10 verbose lifecycle assignment_mad_lib_api@1.0.0~jasmine: CWD: /home/markmark/Documents/vcs_immersive/apis/assignment_mad_lib_api
11 silly lifecycle assignment_mad_lib_api@1.0.0~jasmine: Args: [ '-c', './node_modules/jasmine/bin/jasmine.js' ]
12 silly lifecycle assignment_mad_lib_api@1.0.0~jasmine: Returned: code: 1  signal: null
13 info lifecycle assignment_mad_lib_api@1.0.0~jasmine: Failed to exec jasmine script
14 verbose stack Error: assignment_mad_lib_api@1.0.0 jasmine: `./node_modules/jasmine/bin/jasmine.js`
14 verbose stack Exit status 1
14 verbose stack     at EventEmitter.<anonymous> (/home/markmark/.nvm/versions/node/v7.7.3/lib/node_modules/npm/lib/utils/lifecycle.js:279:16)
14 verbose stack     at emitTwo (events.js:106:13)
14 verbose stack     at EventEmitter.emit (events.js:194:7)
14 verbose stack     at ChildProcess.<anonymous> (/home/markmark/.nvm/versions/node/v7.7.3/lib/node_modules/npm/lib/utils/spawn.js:40:14)
14 verbose stack     at emitTwo (events.js:106:13)
14 verbose stack     at ChildProcess.emit (events.js:194:7)
14 verbose stack     at maybeClose (internal/child_process.js:899:16)
14 verbose stack     at Process.ChildProcess._handle.onexit (internal/child_process.js:226:5)
15 verbose pkgid assignment_mad_lib_api@1.0.0
16 verbose cwd /home/markmark/Documents/vcs_immersive/apis/assignment_mad_lib_api
17 error Linux 4.8.0-45-generic
18 error argv "/home/markmark/.nvm/versions/node/v7.7.3/bin/node" "/home/markmark/.nvm/versions/node/v7.7.3/bin/npm" "run" "jasmine"
19 error node v7.7.3
20 error npm  v4.1.2
21 error code ELIFECYCLE
22 error assignment_mad_lib_api@1.0.0 jasmine: `./node_modules/jasmine/bin/jasmine.js`
22 error Exit status 1
23 error Failed at the assignment_mad_lib_api@1.0.0 jasmine script './node_modules/jasmine/bin/jasmine.js'.
23 error Make sure you have the latest version of node.js and npm installed.
23 error If you do, this is most likely a problem with the assignment_mad_lib_api package,
23 error not with npm itself.
23 error Tell the author that this fails on your system:
23 error     ./node_modules/jasmine/bin/jasmine.js
23 error You can get information on how to open an issue for this project with:
23 error     npm bugs assignment_mad_lib_api
23 error Or if that isn't available, you can get their info via:
23 error     npm owner ls assignment_mad_lib_api
23 error There is likely additional logging output above.
24 verbose exit [ 1, true ]
